###############################################################
#  Generated by:      Cadence Innovus 16.13-s045_1
#  OS:                Linux x86_64(Host ID toke.fransg.eit.lth.se)
#  Generated on:      Wed Feb 21 14:37:34 2024
#  Design:            jollof_top
#  Command:           report_ccopt_worst_chain -filename ./worstChain_ccopt.rpt 
###############################################################

,-o Controller_inst/in_cnt_reg_reg[0]
| |     .../CP @(unknown) constraint=(unknown) chosen=(unknown)
| |            location=(375.450,218.810) slew=(launch: 0.094ns, capture: 0.094ns)
| |   slack 5.851ns .../Q -> .../TI (distance: 289.450um)
| |                 delays=(launch: 0.994ns, datapath: 3.649ns, capture: 0.994ns, adjust: 9.500ns)
| |                 launch/capture clock clk in analysis view SS
`-o Controller_inst/in_cnt_reg_reg[0]
  |     .../CP @(unknown) constraint=(unknown) chosen=(unknown)
  |            location=(375.450,218.810) slew=(launch: 0.094ns, capture: 0.094ns)
  |   slack 5.961ns .../Q -> .../D (distance: 260.040um)
  |                 delays=(launch: 0.994ns, datapath: 3.541ns, capture: 0.997ns, adjust: 9.500ns)
  |                 launch/capture clock clk in analysis view SS
  o Controller_inst/state_reg_reg[1]
  |     .../CP @(unknown) constraint=(unknown) chosen=(unknown)
  |            location=(373.250,211.590) slew=(launch: 0.104ns, capture: 0.104ns)
  |   *WNS* 0.059ns .../Q -> .../D (distance: 786.210um)
  |                 delays=(launch: 0.997ns, datapath: 9.445ns, capture: 1.001ns, adjust: 9.500ns)
  |                 launch/capture clock clk in analysis view SS
  o Controller_inst/p4_reg_reg[15]
  |     .../CP @(unknown) constraint=(unknown) chosen=(unknown)
  |            location=(323.250,161.410) slew=(launch: 0.105ns, capture: 0.105ns)
  |   slack 6.252ns .../Q -> .../D (distance: 510.620um)
  |                 delays=(launch: 1.001ns, datapath: 5.595ns, capture: 1.001ns, adjust: 9.500ns)
  |                 launch/capture clock clk in analysis view SS
  o RAM_ctrl_inst/shift_reg_reg[69]
  |     .../CP @(unknown) constraint=(unknown) chosen=(unknown)
  |            location=(329.450,151.010) slew=(launch: 0.105ns, capture: 0.105ns)
  |   slack 6.890ns .../Q -> .../D (distance: 257.620um)
  |                 delays=(launch: 1.001ns, datapath: 5.589ns, capture: 1.005ns, adjust: 9.500ns)
  |                 launch/capture clock clk in analysis view SS
,-o RAM_ctrl_inst/shift_reg_reg[51]
| |     .../CP @(unknown) constraint=(unknown) chosen=(unknown)
| |            location=(335.250,151.010) slew=(launch: 0.105ns, capture: 0.105ns)
| |   slack 6.943ns .../Q -> .../D (distance: 265.420um)
| |                 delays=(launch: 1.005ns, datapath: 5.586ns, capture: 1.005ns, adjust: 9.500ns)
| |                 launch/capture clock clk in analysis view SS
`-o RAM_ctrl_inst/shift_reg_reg[51]

