Command: report datapath > .//reports/datapath_jollof_top.rpt
============================================================
  Generated by:           Genus(TM) Synthesis Solution 16.12-s027_1
  Generated on:           Feb 15 2024  04:41:25 pm
  Module:                 jollof_top
  Technology libraries:   CLOCK65LPLVT 
                          CORE65LPLVT 
                          SPHD110420 
                          PAD 
  Operating conditions:   typical (balanced_tree)
  Wireload mode:          enclosed
  Area mode:              timing library
============================================================


Inferred components

                     Operator   Signedness Inputs Outputs CellArea 
===================================================================
jollof_top
 Controller_inst
  csa_tree_add_326_25_groupi
  module:csa_tree_add_326_25_group_768
   slow/non_booth csa_and_adder            8x7x18 18        638.04 
-------------------------------------------------------------------
   add_326_25           +       unsigned   15x18  18               
   mul_326_20
    non_booth           *       unsigned   8x7    15               
===================================================================
jollof_top
 Controller_inst
  csa_tree_add_327_25_groupi
  module:csa_tree_add_327_25_group_766
   slow/non_booth csa_and_adder            8x7x18 18        638.04 
-------------------------------------------------------------------
   add_327_25           +       unsigned   15x18  18               
   mul_327_20
    non_booth           *       unsigned   8x7    15               
===================================================================

      Type        CellArea Percentage 
--------------------------------------
datapath modules   1276.08       1.07 
external muxes        0.00       0.00 
others           117845.40      98.93 
--------------------------------------
total            119121.48     100.00 

