============================================================
  Generated by:           Genus(TM) Synthesis Solution 16.12-s027_1
  Generated on:           Feb 15 2024  04:41:25 pm
  Module:                 jollof_top
  Technology libraries:   CLOCK65LPLVT 
                          CORE65LPLVT 
                          SPHD110420 
                          PAD 
  Operating conditions:   typical (balanced_tree)
  Wireload mode:          enclosed
  Area mode:              timing library
============================================================

                                           
        Gate         Instances     Area        Library     
-----------------------------------------------------------
CPAD_S_74x50u_IN            12   53760.000    PAD          
CPAD_S_74x50u_OUT           10   44800.000    PAD          
HS65_LLS_XNOR2X6             4      16.640    CORE65LPLVT  
HS65_LLS_XOR2X6             17      70.720    CORE65LPLVT  
HS65_LL_AND2X4              63     163.800    CORE65LPLVT  
HS65_LL_AND3X9               1       3.640    CORE65LPLVT  
HS65_LL_AO112X9              1       4.160    CORE65LPLVT  
HS65_LL_AO12X9               3      10.920    CORE65LPLVT  
HS65_LL_AO212X4              1       4.680    CORE65LPLVT  
HS65_LL_AO222X4             32     183.040    CORE65LPLVT  
HS65_LL_AO22X9             376    1564.160    CORE65LPLVT  
HS65_LL_AO32X4               3      14.040    CORE65LPLVT  
HS65_LL_AOI12X2              6      15.600    CORE65LPLVT  
HS65_LL_AOI211X4             2       7.280    CORE65LPLVT  
HS65_LL_AOI222X2            63     327.600    CORE65LPLVT  
HS65_LL_AOI22X6             23      83.720    CORE65LPLVT  
HS65_LL_AOI32X5              3      12.480    CORE65LPLVT  
HS65_LL_BFX4                11      22.880    CORE65LPLVT  
HS65_LL_BFX9                 7      14.560    CORE65LPLVT  
HS65_LL_CB4I1X9              1       4.160    CORE65LPLVT  
HS65_LL_CBI4I1X5             1       3.640    CORE65LPLVT  
HS65_LL_CBI4I6X5            10      36.400    CORE65LPLVT  
HS65_LL_CNIVX7               6       9.360    CLOCK65LPLVT 
HS65_LL_DFPQNX4              1       8.320    CORE65LPLVT  
HS65_LL_DFPQNX9              1       8.320    CORE65LPLVT  
HS65_LL_DFPQX4               4      31.200    CORE65LPLVT  
HS65_LL_DFPQX9             455    3549.000    CORE65LPLVT  
HS65_LL_FA1X4               84     786.240    CORE65LPLVT  
HS65_LL_HA1X4               21     109.200    CORE65LPLVT  
HS65_LL_IVX4                 1       1.560    CORE65LPLVT  
HS65_LL_IVX7                10      15.600    CORE65LPLVT  
HS65_LL_IVX9               125     195.000    CORE65LPLVT  
HS65_LL_MUX21I1X6            4      16.640    CORE65LPLVT  
HS65_LL_MUXI21X2             7      25.480    CORE65LPLVT  
HS65_LL_NAND2AX7            11      34.320    CORE65LPLVT  
HS65_LL_NAND2X7            104     216.320    CORE65LPLVT  
HS65_LL_NAND3AX3             1       3.640    CORE65LPLVT  
HS65_LL_NAND3AX6             2       7.280    CORE65LPLVT  
HS65_LL_NAND3X5              5      13.000    CORE65LPLVT  
HS65_LL_NAND4ABX3            2       7.280    CORE65LPLVT  
HS65_LL_NOR2AX3             12      31.200    CORE65LPLVT  
HS65_LL_NOR2X5               2       4.160    CORE65LPLVT  
HS65_LL_NOR2X6             116     241.280    CORE65LPLVT  
HS65_LL_NOR3AX2              1       3.120    CORE65LPLVT  
HS65_LL_NOR3X4               5      13.000    CORE65LPLVT  
HS65_LL_NOR4ABX2             1       3.640    CORE65LPLVT  
HS65_LL_OA12X9               2       7.280    CORE65LPLVT  
HS65_LL_OA32X4               1       4.680    CORE65LPLVT  
HS65_LL_OAI112X5             1       3.640    CORE65LPLVT  
HS65_LL_OAI12X3              6      15.600    CORE65LPLVT  
HS65_LL_OAI212X5             2       8.320    CORE65LPLVT  
HS65_LL_OAI21X3              7      18.200    CORE65LPLVT  
HS65_LL_OAI222X2             1       5.200    CORE65LPLVT  
HS65_LL_OAI22X6              3      10.920    CORE65LPLVT  
HS65_LL_OAI311X5             2       8.320    CORE65LPLVT  
HS65_LL_OAI32X5              3      12.480    CORE65LPLVT  
HS65_LL_OR2X9                5      15.600    CORE65LPLVT  
HS65_LL_PAOI2X1             10      36.400    CORE65LPLVT  
HS65_LL_SDFPQX9              2      19.760    CORE65LPLVT  
ST_SPHDL_160x32m8_L          1   12496.800    SPHD110420   
-----------------------------------------------------------
total                     1677  119121.480                 


   Library   Instances    Area   Instances % 
---------------------------------------------
CLOCK65LPLVT         6     9.360         0.4 
CORE65LPLVT       1648  8055.320        98.3 
PAD                 22 98560.000         1.3 
SPHD110420           1 12496.800         0.1 

                                           
     Type      Instances    Area    Area % 
-------------------------------------------
timing_model          23 111056.800   93.2 
sequential           463   3616.600    3.0 
inverter             142    221.520    0.2 
buffer                18     37.440    0.0 
logic               1031   4189.120    3.5 
physical_cells         0      0.000    0.0 
-------------------------------------------
total               1677 119121.480  100.0 

