============================================================
  Generated by:           Genus(TM) Synthesis Solution 16.12-s027_1
  Generated on:           Feb 15 2024  04:41:25 pm
  Module:                 jollof_top
  Technology libraries:   CLOCK65LPLVT 
                          CORE65LPLVT 
                          SPHD110420 
                          PAD 
  Operating conditions:   typical (balanced_tree)
  Wireload mode:          enclosed
  Area mode:              timing library
============================================================

Timing
--------

Clock  Period 
--------------
clk   10000.0 


  Cost    Critical       Violating 
 Group   Path Slack TNS    Paths   
-----------------------------------
default      3466.8   0          0 
-----------------------------------
Total                 0          0 

Instance Count
--------------
Leaf Instance Count             1677 
Sequential Instance Count        464 
Combinational Instance Count    1213 
Hierarchical Instance Count        6 

Area
----
Cell Area                          119121.480
Physical Cell Area                 0.000
Total Cell Area (Cell+Physical)    119121.480
Net Area                           0.000
Total Area (Cell+Physical+Net)     119121.480

Max Fanout                         464 (clk_pad)
Min Fanout                         0 (sram_read_data_out[18])
Average Fanout                     2.5
Terms to net ratio                 3.5019
Terms to instance ratio            3.8444
Runtime                            27.14965 seconds
Elapsed Runtime                    57 seconds
Genus peak memory usage            748.75 
Innovus peak memory usage          no_value 
Hostname                           poppo.fransg.eit.lth.se
